components/FUT/app/api/matches/route.ts(1,30): error TS2307: Cannot find module 'next/server' or its corresponding type declarations.
components/FUT/app/api/player-stats/route.ts(1,30): error TS2307: Cannot find module 'next/server' or its corresponding type declarations.
components/FUT/app/api/team-matches/route.ts(1,30): error TS2307: Cannot find module 'next/server' or its corresponding type declarations.
components/FUT/app/layout.tsx(2,31): error TS2307: Cannot find module 'next' or its corresponding type declarations.
components/FUT/app/layout.tsx(3,35): error TS2307: Cannot find module 'next/font/google' or its corresponding type declarations.
components/FUT/app/layout.tsx(4,27): error TS2307: Cannot find module '@vercel/analytics/next' or its corresponding type declarations.
components/FUT/app/match/[id]/page.tsx(3,18): error TS2307: Cannot find module 'next/link' or its corresponding type declarations.
components/FUT/app/match/[id]/page.tsx(22,10): error TS2741: Property 'onBack' is missing in type '{ matchId: string; homeTeamId: string; awayTeamId: string; tournamentId: string; }' but required in type 'MatchAnalysisProps'.
components/FUT/app/page.tsx(3,18): error TS2307: Cannot find module 'next/link' or its corresponding type declarations.
components/FUT/app/page.tsx(25,10): error TS2741: Property 'onSelectMatch' is missing in type '{}' but required in type 'UpcomingMatchesProps'.
components/FUT/components/theme-provider.tsx(7,8): error TS2307: Cannot find module 'next-themes' or its corresponding type declarations.
components/FUT/components/ui/accordion.tsx(4,37): error TS2307: Cannot find module '@radix-ui/react-accordion' or its corresponding type declarations.
components/FUT/components/ui/alert-dialog.tsx(4,39): error TS2307: Cannot find module '@radix-ui/react-alert-dialog' or its corresponding type declarations.
components/FUT/components/ui/aspect-ratio.tsx(3,39): error TS2307: Cannot find module '@radix-ui/react-aspect-ratio' or its corresponding type declarations.
components/FUT/components/ui/aspect-ratio.tsx(7,4): error TS2503: Cannot find namespace 'React'.
components/FUT/components/ui/avatar.tsx(4,34): error TS2307: Cannot find module '@radix-ui/react-avatar' or its corresponding type declarations.
components/FUT/components/ui/button-group.tsx(28,4): error TS2503: Cannot find namespace 'React'.
components/FUT/components/ui/button-group.tsx(44,4): error TS2503: Cannot find namespace 'React'.
components/FUT/components/ui/button-group.tsx(64,4): error TS2503: Cannot find namespace 'React'.
components/FUT/components/ui/calendar.tsx(9,60): error TS2307: Cannot find module 'react-day-picker' or its corresponding type declarations.
components/FUT/components/ui/carousel.tsx(6,8): error TS2307: Cannot find module 'embla-carousel-react' or its corresponding type declarations.
components/FUT/components/ui/checkbox.tsx(4,36): error TS2307: Cannot find module '@radix-ui/react-checkbox' or its corresponding type declarations.
components/FUT/components/ui/collapsible.tsx(3,39): error TS2307: Cannot find module '@radix-ui/react-collapsible' or its corresponding type declarations.
components/FUT/components/ui/collapsible.tsx(7,4): error TS2503: Cannot find namespace 'React'.
components/FUT/components/ui/collapsible.tsx(13,4): error TS2503: Cannot find namespace 'React'.
components/FUT/components/ui/collapsible.tsx(24,4): error TS2503: Cannot find namespace 'React'.
components/FUT/components/ui/command.tsx(4,45): error TS2307: Cannot find module 'cmdk' or its corresponding type declarations.
components/FUT/components/ui/context-menu.tsx(4,39): error TS2307: Cannot find module '@radix-ui/react-context-menu' or its corresponding type declarations.
components/FUT/components/ui/drawer.tsx(4,43): error TS2307: Cannot find module 'vaul' or its corresponding type declarations.
components/FUT/components/ui/dropdown-menu.tsx(4,40): error TS2307: Cannot find module '@radix-ui/react-dropdown-menu' or its corresponding type declarations.
components/FUT/components/ui/empty.tsx(5,41): error TS2503: Cannot find namespace 'React'.
components/FUT/components/ui/empty.tsx(18,47): error TS2503: Cannot find namespace 'React'.
components/FUT/components/ui/empty.tsx(50,4): error TS2503: Cannot find namespace 'React'.
components/FUT/components/ui/empty.tsx(61,46): error TS2503: Cannot find namespace 'React'.
components/FUT/components/ui/empty.tsx(71,52): error TS2503: Cannot find namespace 'React'.
components/FUT/components/ui/empty.tsx(84,48): error TS2503: Cannot find namespace 'React'.
components/FUT/components/ui/field.tsx(10,44): error TS2503: Cannot find namespace 'React'.
components/FUT/components/ui/field.tsx(28,4): error TS2503: Cannot find namespace 'React'.
components/FUT/components/ui/field.tsx(44,46): error TS2503: Cannot find namespace 'React'.
components/FUT/components/ui/field.tsx(85,4): error TS2503: Cannot find namespace 'React'.
components/FUT/components/ui/field.tsx(97,48): error TS2503: Cannot find namespace 'React'.
components/FUT/components/ui/field.tsx(113,4): error TS2503: Cannot find namespace 'React'.
components/FUT/components/ui/field.tsx(128,46): error TS2503: Cannot find namespace 'React'.
components/FUT/components/ui/field.tsx(141,52): error TS2503: Cannot find namespace 'React'.
components/FUT/components/ui/field.tsx(160,4): error TS2503: Cannot find namespace 'React'.
components/FUT/components/ui/field.tsx(161,14): error TS2503: Cannot find namespace 'React'.
components/FUT/components/ui/field.tsx(191,4): error TS2503: Cannot find namespace 'React'.
components/FUT/components/ui/form.tsx(14,8): error TS2307: Cannot find module 'react-hook-form' or its corresponding type declarations.
components/FUT/components/ui/hover-card.tsx(4,37): error TS2307: Cannot find module '@radix-ui/react-hover-card' or its corresponding type declarations.
components/FUT/components/ui/input-group.tsx(10,46): error TS2503: Cannot find namespace 'React'.
components/FUT/components/ui/input-group.tsx(63,4): error TS2503: Cannot find namespace 'React'.
components/FUT/components/ui/input-group.tsx(105,9): error TS2503: Cannot find namespace 'React'.
components/FUT/components/ui/input-group.tsx(118,50): error TS2503: Cannot find namespace 'React'.
components/FUT/components/ui/input-group.tsx(133,4): error TS2503: Cannot find namespace 'React'.
components/FUT/components/ui/input-group.tsx(149,4): error TS2503: Cannot find namespace 'React'.
components/FUT/components/ui/input-otp.tsx(4,43): error TS2307: Cannot find module 'input-otp' or its corresponding type declarations.
components/FUT/components/ui/kbd.tsx(3,39): error TS2503: Cannot find namespace 'React'.
components/FUT/components/ui/kbd.tsx(18,44): error TS2503: Cannot find namespace 'React'.
components/FUT/components/ui/menubar.tsx(4,35): error TS2307: Cannot find module '@radix-ui/react-menubar' or its corresponding type declarations.
components/FUT/components/ui/navigation-menu.tsx(2,42): error TS2307: Cannot find module '@radix-ui/react-navigation-menu' or its corresponding type declarations.
components/FUT/components/ui/progress.tsx(4,36): error TS2307: Cannot find module '@radix-ui/react-progress' or its corresponding type declarations.
components/FUT/components/ui/radio-group.tsx(4,38): error TS2307: Cannot find module '@radix-ui/react-radio-group' or its corresponding type declarations.
components/FUT/components/ui/resizable.tsx(5,37): error TS2307: Cannot find module 'react-resizable-panels' or its corresponding type declarations.
components/FUT/components/ui/skeleton.tsx(3,44): error TS2503: Cannot find namespace 'React'.
components/FUT/components/ui/slider.tsx(4,34): error TS2307: Cannot find module '@radix-ui/react-slider' or its corresponding type declarations.
components/FUT/components/ui/sonner.tsx(3,26): error TS2307: Cannot find module 'next-themes' or its corresponding type declarations.
components/FUT/components/ui/sonner.tsx(4,49): error TS2307: Cannot find module 'sonner' or its corresponding type declarations.
components/FUT/components/ui/sonner.tsx(18,14): error TS2503: Cannot find namespace 'React'.
components/FUT/components/ui/spinner.tsx(5,43): error TS2503: Cannot find namespace 'React'.
components/FUT/components/ui/switch.tsx(4,34): error TS2307: Cannot find module '@radix-ui/react-switch' or its corresponding type declarations.
components/FUT/components/ui/tabs.tsx(4,32): error TS2307: Cannot find module '@radix-ui/react-tabs' or its corresponding type declarations.
components/FUT/components/ui/toast.tsx(4,34): error TS2307: Cannot find module '@radix-ui/react-toast' or its corresponding type declarations.
components/FUT/components/ui/toggle-group.tsx(4,39): error TS2307: Cannot find module '@radix-ui/react-toggle-group' or its corresponding type declarations.
components/FUT/components/ui/toggle.tsx(4,34): error TS2307: Cannot find module '@radix-ui/react-toggle' or its corresponding type declarations.
components/FUT/components/ui/tooltip.tsx(4,35): error TS2307: Cannot find module '@radix-ui/react-tooltip' or its corresponding type declarations.
components/FUT/components/upcoming-matches.tsx(161,79): error TS2339: Property 'length' does not exist on type 'unknown'.
components/FUT/components/upcoming-matches.tsx(165,30): error TS2339: Property 'map' does not exist on type 'unknown'.
